<?xml version="1.0" encoding="UTF-8"?>
<!-- Generated by org.testng.reporters.JUnitReportReporter -->
<testsuite skipped="0" hostname="DESKTOP-2LQ1CP4" name="com.testyantra.BDDDemo.Trigger.Runner" tests="1" failures="0" timestamp="08 Nov 2019 13:50:48 GMT" time="39.435" errors="0">
  <testcase name="feature" time="39.435" classname="com.testyantra.BDDDemo.Trigger.Runner"/>
</testsuite> <!-- com.testyantra.BDDDemo.Trigger.Runner -->
